<?xml version="1.0" encoding="UTF-8"?>
<testsuite xmlns:xsi="http://www.w3.org/2001/XMLSchema-instance" xsi:schemaLocation="https://maven.apache.org/surefire/maven-surefire-plugin/xsd/surefire-test-report.xsd" name="TestSuite" time="18.365" tests="7" errors="0" skipped="1" failures="2">
  <properties>
[...]
</properties>
  <testcase name="setUp" classname="com.browserstack.BStackLocalTest" time="5.812">
    <failure message="Could not start a new session. Possible causes are invalid address of the remote server or browser start-up failure." type="org.openqa.selenium.SessionNotCreatedException">org.openqa.selenium.SessionNotCreatedException: Could not start a new session. Possible causes are invalid address of the remote server or browser start-up failure.
Caused by: org.openqa.selenium.WebDriverException: 
Invalid option: chromeOptions for browser: ie
Build info: version: '4.1.4', revision: '535d840ee2'
System info: host: 'SHRI-PC', ip: '192.168.56.1', os.name: 'Windows 10', os.arch: 'amd64', os.version: '10.0', java.version: '17'
Driver info: driver.version: ChromeDriver
remote stacktrace: 
</failure>
    <system-out><![CDATA[WARNING: sun.reflect.Reflection.getCallerClass is not supported. This will impact performance.
]]></system-out>
    <system-err><![CDATA[SLF4J: Failed to load class "org.slf4j.impl.StaticLoggerBinder".
SLF4J: Defaulting to no-operation (NOP) logger implementation
SLF4J: See http://www.slf4j.org/codes.html#StaticLoggerBinder for further details.
]]></system-err>
  </testcase>
  <testcase name="test" classname="com.browserstack.BStackLocalTest" time="0">
    <skipped message="Could not start a new session. Possible causes are invalid address of the remote server or browser start-up failure."/>
  </testcase>
  <testcase name="test" classname="com.browserstack.BStackLocalTest" time="1.1"/>
  <testcase name="test" classname="com.browserstack.BStackLocalTest" time="2.696"/>
  <testcase name="test" classname="com.browserstack.BStackLocalTest" time="2.767"/>
  <testcase name="test" classname="com.browserstack.BStackLocalTest" time="4.028"/>
  <testcase name="tearDown" classname="com.browserstack.BStackLocalTest" time="0.373">
    <failure message="Cannot invoke &quot;org.openqa.selenium.WebDriver.quit()&quot; because &quot;this.driver&quot; is null" type="java.lang.NullPointerException">java.lang.NullPointerException: Cannot invoke "org.openqa.selenium.WebDriver.quit()" because "this.driver" is null
</failure>
  </testcase>
</testsuite>