<?xml version="1.0" encoding="UTF-8"?>
<testng-results ignored="0" total="1" passed="1" failed="0" skipped="0">
  <reporter-output>
  </reporter-output>
  <suite started-at="2024-03-28T12:30:49 IST" name="Cross-Platform" finished-at="2024-03-28T12:31:55 IST" duration-ms="66771">
    <groups>
    </groups>
    <test started-at="2024-03-28T12:30:49 IST" name="BStackDemo-0" finished-at="2024-03-28T12:31:55 IST" duration-ms="66771">
      <class name="com.browserstack.BStackDemoTest">
        <test-method is-config="true" signature="setUp()[pri:0, instance:com.browserstack.BStackDemoTest@6579c3d9]" started-at="2024-03-28T12:30:49 IST" name="setUp" finished-at="2024-03-28T12:31:00 IST" duration-ms="11134" status="PASS">
          <reporter-output>
          </reporter-output>
        </test-method> <!-- setUp -->
        <test-method signature="addProductToCart()[pri:0, instance:com.browserstack.BStackDemoTest@6579c3d9]" started-at="2024-03-28T12:31:00 IST" name="addProductToCart" finished-at="2024-03-28T12:31:52 IST" duration-ms="52442" status="PASS">
          <reporter-output>
          </reporter-output>
        </test-method> <!-- addProductToCart -->
        <test-method is-config="true" signature="tearDown()[pri:0, instance:com.browserstack.BStackDemoTest@6579c3d9]" started-at="2024-03-28T12:31:53 IST" name="tearDown" finished-at="2024-03-28T12:31:55 IST" duration-ms="2601" status="PASS">
          <reporter-output>
          </reporter-output>
        </test-method> <!-- tearDown -->
      </class> <!-- com.browserstack.BStackDemoTest -->
    </test> <!-- BStackDemo-0 -->
  </suite> <!-- Cross-Platform -->
</testng-results>
